<?xml version="1.0" encoding="UTF-8"?>
<testsuite xmlns:xsi="http://www.w3.org/2001/XMLSchema-instance" xsi:noNamespaceSchemaLocation="https://maven.apache.org/surefire/maven-surefire-plugin/xsd/surefire-test-report-3.0.xsd" version="3.0" name="com.btg.fondos.controllerTest.ClienteControllerTest" time="0.088" tests="6" errors="0" skipped="0" failures="0">
  <properties>
    <property name="java.specification.version" value="23"/>
    <property name="sun.jnu.encoding" value="UTF-8"/>
    <property name="java.class.path" value="/Users/andresnova/Desktop/BTG - PRUEBAS/fondos/target/test-classes:/Users/andresnova/Desktop/BTG - PRUEBAS/fondos/target/classes:/Users/andresnova/.m2/repository/org/springframework/boot/spring-boot-starter-data-mongodb/3.3.4/spring-boot-starter-data-mongodb-3.3.4.jar:/Users/andresnova/.m2/repository/org/springframework/boot/spring-boot-starter/3.3.4/spring-boot-starter-3.3.4.jar:/Users/andresnova/.m2/repository/org/springframework/boot/spring-boot/3.3.4/spring-boot-3.3.4.jar:/Users/andresnova/.m2/repository/org/springframework/boot/spring-boot-autoconfigure/3.3.4/spring-boot-autoconfigure-3.3.4.jar:/Users/andresnova/.m2/repository/org/springframework/boot/spring-boot-starter-logging/3.3.4/spring-boot-starter-logging-3.3.4.jar:/Users/andresnova/.m2/repository/ch/qos/logback/logback-classic/1.5.8/logback-classic-1.5.8.jar:/Users/andresnova/.m2/repository/ch/qos/logback/logback-core/1.5.8/logback-core-1.5.8.jar:/Users/andresnova/.m2/repository/org/apache/logging/log4j/log4j-to-slf4j/2.23.1/log4j-to-slf4j-2.23.1.jar:/Users/andresnova/.m2/repository/org/apache/logging/log4j/log4j-api/2.23.1/log4j-api-2.23.1.jar:/Users/andresnova/.m2/repository/org/slf4j/jul-to-slf4j/2.0.16/jul-to-slf4j-2.0.16.jar:/Users/andresnova/.m2/repository/jakarta/annotation/jakarta.annotation-api/2.1.1/jakarta.annotation-api-2.1.1.jar:/Users/andresnova/.m2/repository/org/yaml/snakeyaml/2.2/snakeyaml-2.2.jar:/Users/andresnova/.m2/repository/org/mongodb/mongodb-driver-sync/5.0.1/mongodb-driver-sync-5.0.1.jar:/Users/andresnova/.m2/repository/org/mongodb/bson/5.0.1/bson-5.0.1.jar:/Users/andresnova/.m2/repository/org/mongodb/mongodb-driver-core/5.0.1/mongodb-driver-core-5.0.1.jar:/Users/andresnova/.m2/repository/org/mongodb/bson-record-codec/5.0.1/bson-record-codec-5.0.1.jar:/Users/andresnova/.m2/repository/org/springframework/data/spring-data-mongodb/4.3.4/spring-data-mongodb-4.3.4.jar:/Users/andresnova/.m2/repository/org/springframework/spring-tx/6.1.13/spring-tx-6.1.13.jar:/Users/andresnova/.m2/repository/org/springframework/spring-context/6.1.13/spring-context-6.1.13.jar:/Users/andresnova/.m2/repository/org/springframework/spring-beans/6.1.13/spring-beans-6.1.13.jar:/Users/andresnova/.m2/repository/org/springframework/spring-expression/6.1.13/spring-expression-6.1.13.jar:/Users/andresnova/.m2/repository/org/springframework/data/spring-data-commons/3.3.4/spring-data-commons-3.3.4.jar:/Users/andresnova/.m2/repository/org/springframework/boot/spring-boot-starter-web/3.3.4/spring-boot-starter-web-3.3.4.jar:/Users/andresnova/.m2/repository/org/springframework/boot/spring-boot-starter-json/3.3.4/spring-boot-starter-json-3.3.4.jar:/Users/andresnova/.m2/repository/com/fasterxml/jackson/core/jackson-databind/2.17.2/jackson-databind-2.17.2.jar:/Users/andresnova/.m2/repository/com/fasterxml/jackson/core/jackson-annotations/2.17.2/jackson-annotations-2.17.2.jar:/Users/andresnova/.m2/repository/com/fasterxml/jackson/core/jackson-core/2.17.2/jackson-core-2.17.2.jar:/Users/andresnova/.m2/repository/com/fasterxml/jackson/datatype/jackson-datatype-jdk8/2.17.2/jackson-datatype-jdk8-2.17.2.jar:/Users/andresnova/.m2/repository/com/fasterxml/jackson/datatype/jackson-datatype-jsr310/2.17.2/jackson-datatype-jsr310-2.17.2.jar:/Users/andresnova/.m2/repository/com/fasterxml/jackson/module/jackson-module-parameter-names/2.17.2/jackson-module-parameter-names-2.17.2.jar:/Users/andresnova/.m2/repository/org/springframework/boot/spring-boot-starter-tomcat/3.3.4/spring-boot-starter-tomcat-3.3.4.jar:/Users/andresnova/.m2/repository/org/apache/tomcat/embed/tomcat-embed-core/10.1.30/tomcat-embed-core-10.1.30.jar:/Users/andresnova/.m2/repository/org/apache/tomcat/embed/tomcat-embed-el/10.1.30/tomcat-embed-el-10.1.30.jar:/Users/andresnova/.m2/repository/org/apache/tomcat/embed/tomcat-embed-websocket/10.1.30/tomcat-embed-websocket-10.1.30.jar:/Users/andresnova/.m2/repository/org/springframework/spring-web/6.1.13/spring-web-6.1.13.jar:/Users/andresnova/.m2/repository/io/micrometer/micrometer-observation/1.13.4/micrometer-observation-1.13.4.jar:/Users/andresnova/.m2/repository/io/micrometer/micrometer-commons/1.13.4/micrometer-commons-1.13.4.jar:/Users/andresnova/.m2/repository/org/springframework/spring-webmvc/6.1.13/spring-webmvc-6.1.13.jar:/Users/andresnova/.m2/repository/org/springframework/spring-aop/6.1.13/spring-aop-6.1.13.jar:/Users/andresnova/.m2/repository/org/springframework/boot/spring-boot-starter-test/3.3.4/spring-boot-starter-test-3.3.4.jar:/Users/andresnova/.m2/repository/org/springframework/boot/spring-boot-test/3.3.4/spring-boot-test-3.3.4.jar:/Users/andresnova/.m2/repository/org/springframework/boot/spring-boot-test-autoconfigure/3.3.4/spring-boot-test-autoconfigure-3.3.4.jar:/Users/andresnova/.m2/repository/com/jayway/jsonpath/json-path/2.9.0/json-path-2.9.0.jar:/Users/andresnova/.m2/repository/jakarta/xml/bind/jakarta.xml.bind-api/4.0.2/jakarta.xml.bind-api-4.0.2.jar:/Users/andresnova/.m2/repository/jakarta/activation/jakarta.activation-api/2.1.3/jakarta.activation-api-2.1.3.jar:/Users/andresnova/.m2/repository/net/minidev/json-smart/2.5.1/json-smart-2.5.1.jar:/Users/andresnova/.m2/repository/net/minidev/accessors-smart/2.5.1/accessors-smart-2.5.1.jar:/Users/andresnova/.m2/repository/org/ow2/asm/asm/9.6/asm-9.6.jar:/Users/andresnova/.m2/repository/org/assertj/assertj-core/3.25.3/assertj-core-3.25.3.jar:/Users/andresnova/.m2/repository/org/awaitility/awaitility/4.2.2/awaitility-4.2.2.jar:/Users/andresnova/.m2/repository/org/hamcrest/hamcrest/2.2/hamcrest-2.2.jar:/Users/andresnova/.m2/repository/org/junit/jupiter/junit-jupiter/5.10.3/junit-jupiter-5.10.3.jar:/Users/andresnova/.m2/repository/org/junit/jupiter/junit-jupiter-api/5.10.3/junit-jupiter-api-5.10.3.jar:/Users/andresnova/.m2/repository/org/opentest4j/opentest4j/1.3.0/opentest4j-1.3.0.jar:/Users/andresnova/.m2/repository/org/junit/platform/junit-platform-commons/1.10.3/junit-platform-commons-1.10.3.jar:/Users/andresnova/.m2/repository/org/apiguardian/apiguardian-api/1.1.2/apiguardian-api-1.1.2.jar:/Users/andresnova/.m2/repository/org/junit/jupiter/junit-jupiter-params/5.10.3/junit-jupiter-params-5.10.3.jar:/Users/andresnova/.m2/repository/org/junit/jupiter/junit-jupiter-engine/5.10.3/junit-jupiter-engine-5.10.3.jar:/Users/andresnova/.m2/repository/org/junit/platform/junit-platform-engine/1.10.3/junit-platform-engine-1.10.3.jar:/Users/andresnova/.m2/repository/org/mockito/mockito-junit-jupiter/5.11.0/mockito-junit-jupiter-5.11.0.jar:/Users/andresnova/.m2/repository/org/skyscreamer/jsonassert/1.5.3/jsonassert-1.5.3.jar:/Users/andresnova/.m2/repository/com/vaadin/external/google/android-json/0.0.20131108.vaadin1/android-json-0.0.20131108.vaadin1.jar:/Users/andresnova/.m2/repository/org/springframework/spring-core/6.1.13/spring-core-6.1.13.jar:/Users/andresnova/.m2/repository/org/springframework/spring-jcl/6.1.13/spring-jcl-6.1.13.jar:/Users/andresnova/.m2/repository/org/springframework/spring-test/6.1.13/spring-test-6.1.13.jar:/Users/andresnova/.m2/repository/org/xmlunit/xmlunit-core/2.9.1/xmlunit-core-2.9.1.jar:/Users/andresnova/.m2/repository/org/mockito/mockito-core/5.11.0/mockito-core-5.11.0.jar:/Users/andresnova/.m2/repository/net/bytebuddy/byte-buddy/1.14.19/byte-buddy-1.14.19.jar:/Users/andresnova/.m2/repository/net/bytebuddy/byte-buddy-agent/1.14.19/byte-buddy-agent-1.14.19.jar:/Users/andresnova/.m2/repository/org/objenesis/objenesis/3.3/objenesis-3.3.jar:/Users/andresnova/.m2/repository/software/amazon/awssdk/sns/2.28.29/sns-2.28.29.jar:/Users/andresnova/.m2/repository/software/amazon/awssdk/aws-query-protocol/2.21.20/aws-query-protocol-2.21.20.jar:/Users/andresnova/.m2/repository/software/amazon/awssdk/protocol-core/2.21.20/protocol-core-2.21.20.jar:/Users/andresnova/.m2/repository/software/amazon/awssdk/http-auth-aws/2.21.20/http-auth-aws-2.21.20.jar:/Users/andresnova/.m2/repository/software/amazon/awssdk/auth/2.21.20/auth-2.21.20.jar:/Users/andresnova/.m2/repository/software/amazon/awssdk/http-auth-spi/2.21.20/http-auth-spi-2.21.20.jar:/Users/andresnova/.m2/repository/software/amazon/awssdk/http-auth/2.21.20/http-auth-2.21.20.jar:/Users/andresnova/.m2/repository/software/amazon/awssdk/http-client-spi/2.21.20/http-client-spi-2.21.20.jar:/Users/andresnova/.m2/repository/software/amazon/awssdk/regions/2.21.20/regions-2.21.20.jar:/Users/andresnova/.m2/repository/software/amazon/awssdk/annotations/2.21.20/annotations-2.21.20.jar:/Users/andresnova/.m2/repository/software/amazon/awssdk/metrics-spi/2.21.20/metrics-spi-2.21.20.jar:/Users/andresnova/.m2/repository/software/amazon/awssdk/json-utils/2.21.20/json-utils-2.21.20.jar:/Users/andresnova/.m2/repository/software/amazon/awssdk/third-party-jackson-core/2.21.20/third-party-jackson-core-2.21.20.jar:/Users/andresnova/.m2/repository/software/amazon/awssdk/endpoints-spi/2.28.29/endpoints-spi-2.28.29.jar:/Users/andresnova/.m2/repository/software/amazon/awssdk/retries-spi/2.28.29/retries-spi-2.28.29.jar:/Users/andresnova/.m2/repository/software/amazon/awssdk/apache-client/2.21.20/apache-client-2.21.20.jar:/Users/andresnova/.m2/repository/org/apache/httpcomponents/httpclient/4.5.13/httpclient-4.5.13.jar:/Users/andresnova/.m2/repository/commons-logging/commons-logging/1.2/commons-logging-1.2.jar:/Users/andresnova/.m2/repository/org/apache/httpcomponents/httpcore/4.4.16/httpcore-4.4.16.jar:/Users/andresnova/.m2/repository/commons-codec/commons-codec/1.16.1/commons-codec-1.16.1.jar:/Users/andresnova/.m2/repository/software/amazon/awssdk/netty-nio-client/2.21.20/netty-nio-client-2.21.20.jar:/Users/andresnova/.m2/repository/io/netty/netty-codec-http/4.1.113.Final/netty-codec-http-4.1.113.Final.jar:/Users/andresnova/.m2/repository/io/netty/netty-codec-http2/4.1.113.Final/netty-codec-http2-4.1.113.Final.jar:/Users/andresnova/.m2/repository/io/netty/netty-codec/4.1.113.Final/netty-codec-4.1.113.Final.jar:/Users/andresnova/.m2/repository/io/netty/netty-transport/4.1.113.Final/netty-transport-4.1.113.Final.jar:/Users/andresnova/.m2/repository/io/netty/netty-common/4.1.113.Final/netty-common-4.1.113.Final.jar:/Users/andresnova/.m2/repository/io/netty/netty-buffer/4.1.113.Final/netty-buffer-4.1.113.Final.jar:/Users/andresnova/.m2/repository/io/netty/netty-handler/4.1.113.Final/netty-handler-4.1.113.Final.jar:/Users/andresnova/.m2/repository/io/netty/netty-transport-native-unix-common/4.1.113.Final/netty-transport-native-unix-common-4.1.113.Final.jar:/Users/andresnova/.m2/repository/io/netty/netty-transport-classes-epoll/4.1.113.Final/netty-transport-classes-epoll-4.1.113.Final.jar:/Users/andresnova/.m2/repository/io/netty/netty-resolver/4.1.113.Final/netty-resolver-4.1.113.Final.jar:/Users/andresnova/.m2/repository/software/amazon/awssdk/sdk-core/2.28.29/sdk-core-2.28.29.jar:/Users/andresnova/.m2/repository/software/amazon/awssdk/checksums-spi/2.21.20/checksums-spi-2.21.20.jar:/Users/andresnova/.m2/repository/software/amazon/awssdk/checksums/2.21.20/checksums-2.21.20.jar:/Users/andresnova/.m2/repository/software/amazon/awssdk/profiles/2.21.20/profiles-2.21.20.jar:/Users/andresnova/.m2/repository/software/amazon/awssdk/retries/2.28.29/retries-2.28.29.jar:/Users/andresnova/.m2/repository/org/slf4j/slf4j-api/2.0.16/slf4j-api-2.0.16.jar:/Users/andresnova/.m2/repository/org/reactivestreams/reactive-streams/1.0.4/reactive-streams-1.0.4.jar:/Users/andresnova/.m2/repository/software/amazon/awssdk/utils/2.28.29/utils-2.28.29.jar:/Users/andresnova/.m2/repository/software/amazon/awssdk/aws-core/2.28.29/aws-core-2.28.29.jar:/Users/andresnova/.m2/repository/software/amazon/eventstream/eventstream/1.0.1/eventstream-1.0.1.jar:/Users/andresnova/.m2/repository/software/amazon/awssdk/identity-spi/2.28.29/identity-spi-2.28.29.jar:/Users/andresnova/.m2/repository/software/amazon/awssdk/ses/2.28.29/ses-2.28.29.jar:"/>
    <property name="java.vm.vendor" value="Oracle Corporation"/>
    <property name="sun.arch.data.model" value="64"/>
    <property name="java.vendor.url" value="https://java.oracle.com/"/>
    <property name="user.timezone" value="America/Bogota"/>
    <property name="os.name" value="Mac OS X"/>
    <property name="java.vm.specification.version" value="23"/>
    <property name="sun.java.launcher" value="SUN_STANDARD"/>
    <property name="user.country" value="419"/>
    <property name="sun.boot.library.path" value="/Users/andresnova/Library/Java/JavaVirtualMachines/openjdk-23/Contents/Home/lib"/>
    <property name="sun.java.command" value="/Users/andresnova/Desktop/BTG - PRUEBAS/fondos/target/surefire/surefirebooter-20241025163326770_3.jar /Users/andresnova/Desktop/BTG - PRUEBAS/fondos/target/surefire 2024-10-25T16-33-26_716-jvmRun1 surefire-20241025163326770_1tmp surefire_0-20241025163326770_2tmp"/>
    <property name="http.nonProxyHosts" value="local|*.local|169.254/16|*.169.254/16"/>
    <property name="jdk.debug" value="release"/>
    <property name="surefire.test.class.path" value="/Users/andresnova/Desktop/BTG - PRUEBAS/fondos/target/test-classes:/Users/andresnova/Desktop/BTG - PRUEBAS/fondos/target/classes:/Users/andresnova/.m2/repository/org/springframework/boot/spring-boot-starter-data-mongodb/3.3.4/spring-boot-starter-data-mongodb-3.3.4.jar:/Users/andresnova/.m2/repository/org/springframework/boot/spring-boot-starter/3.3.4/spring-boot-starter-3.3.4.jar:/Users/andresnova/.m2/repository/org/springframework/boot/spring-boot/3.3.4/spring-boot-3.3.4.jar:/Users/andresnova/.m2/repository/org/springframework/boot/spring-boot-autoconfigure/3.3.4/spring-boot-autoconfigure-3.3.4.jar:/Users/andresnova/.m2/repository/org/springframework/boot/spring-boot-starter-logging/3.3.4/spring-boot-starter-logging-3.3.4.jar:/Users/andresnova/.m2/repository/ch/qos/logback/logback-classic/1.5.8/logback-classic-1.5.8.jar:/Users/andresnova/.m2/repository/ch/qos/logback/logback-core/1.5.8/logback-core-1.5.8.jar:/Users/andresnova/.m2/repository/org/apache/logging/log4j/log4j-to-slf4j/2.23.1/log4j-to-slf4j-2.23.1.jar:/Users/andresnova/.m2/repository/org/apache/logging/log4j/log4j-api/2.23.1/log4j-api-2.23.1.jar:/Users/andresnova/.m2/repository/org/slf4j/jul-to-slf4j/2.0.16/jul-to-slf4j-2.0.16.jar:/Users/andresnova/.m2/repository/jakarta/annotation/jakarta.annotation-api/2.1.1/jakarta.annotation-api-2.1.1.jar:/Users/andresnova/.m2/repository/org/yaml/snakeyaml/2.2/snakeyaml-2.2.jar:/Users/andresnova/.m2/repository/org/mongodb/mongodb-driver-sync/5.0.1/mongodb-driver-sync-5.0.1.jar:/Users/andresnova/.m2/repository/org/mongodb/bson/5.0.1/bson-5.0.1.jar:/Users/andresnova/.m2/repository/org/mongodb/mongodb-driver-core/5.0.1/mongodb-driver-core-5.0.1.jar:/Users/andresnova/.m2/repository/org/mongodb/bson-record-codec/5.0.1/bson-record-codec-5.0.1.jar:/Users/andresnova/.m2/repository/org/springframework/data/spring-data-mongodb/4.3.4/spring-data-mongodb-4.3.4.jar:/Users/andresnova/.m2/repository/org/springframework/spring-tx/6.1.13/spring-tx-6.1.13.jar:/Users/andresnova/.m2/repository/org/springframework/spring-context/6.1.13/spring-context-6.1.13.jar:/Users/andresnova/.m2/repository/org/springframework/spring-beans/6.1.13/spring-beans-6.1.13.jar:/Users/andresnova/.m2/repository/org/springframework/spring-expression/6.1.13/spring-expression-6.1.13.jar:/Users/andresnova/.m2/repository/org/springframework/data/spring-data-commons/3.3.4/spring-data-commons-3.3.4.jar:/Users/andresnova/.m2/repository/org/springframework/boot/spring-boot-starter-web/3.3.4/spring-boot-starter-web-3.3.4.jar:/Users/andresnova/.m2/repository/org/springframework/boot/spring-boot-starter-json/3.3.4/spring-boot-starter-json-3.3.4.jar:/Users/andresnova/.m2/repository/com/fasterxml/jackson/core/jackson-databind/2.17.2/jackson-databind-2.17.2.jar:/Users/andresnova/.m2/repository/com/fasterxml/jackson/core/jackson-annotations/2.17.2/jackson-annotations-2.17.2.jar:/Users/andresnova/.m2/repository/com/fasterxml/jackson/core/jackson-core/2.17.2/jackson-core-2.17.2.jar:/Users/andresnova/.m2/repository/com/fasterxml/jackson/datatype/jackson-datatype-jdk8/2.17.2/jackson-datatype-jdk8-2.17.2.jar:/Users/andresnova/.m2/repository/com/fasterxml/jackson/datatype/jackson-datatype-jsr310/2.17.2/jackson-datatype-jsr310-2.17.2.jar:/Users/andresnova/.m2/repository/com/fasterxml/jackson/module/jackson-module-parameter-names/2.17.2/jackson-module-parameter-names-2.17.2.jar:/Users/andresnova/.m2/repository/org/springframework/boot/spring-boot-starter-tomcat/3.3.4/spring-boot-starter-tomcat-3.3.4.jar:/Users/andresnova/.m2/repository/org/apache/tomcat/embed/tomcat-embed-core/10.1.30/tomcat-embed-core-10.1.30.jar:/Users/andresnova/.m2/repository/org/apache/tomcat/embed/tomcat-embed-el/10.1.30/tomcat-embed-el-10.1.30.jar:/Users/andresnova/.m2/repository/org/apache/tomcat/embed/tomcat-embed-websocket/10.1.30/tomcat-embed-websocket-10.1.30.jar:/Users/andresnova/.m2/repository/org/springframework/spring-web/6.1.13/spring-web-6.1.13.jar:/Users/andresnova/.m2/repository/io/micrometer/micrometer-observation/1.13.4/micrometer-observation-1.13.4.jar:/Users/andresnova/.m2/repository/io/micrometer/micrometer-commons/1.13.4/micrometer-commons-1.13.4.jar:/Users/andresnova/.m2/repository/org/springframework/spring-webmvc/6.1.13/spring-webmvc-6.1.13.jar:/Users/andresnova/.m2/repository/org/springframework/spring-aop/6.1.13/spring-aop-6.1.13.jar:/Users/andresnova/.m2/repository/org/springframework/boot/spring-boot-starter-test/3.3.4/spring-boot-starter-test-3.3.4.jar:/Users/andresnova/.m2/repository/org/springframework/boot/spring-boot-test/3.3.4/spring-boot-test-3.3.4.jar:/Users/andresnova/.m2/repository/org/springframework/boot/spring-boot-test-autoconfigure/3.3.4/spring-boot-test-autoconfigure-3.3.4.jar:/Users/andresnova/.m2/repository/com/jayway/jsonpath/json-path/2.9.0/json-path-2.9.0.jar:/Users/andresnova/.m2/repository/jakarta/xml/bind/jakarta.xml.bind-api/4.0.2/jakarta.xml.bind-api-4.0.2.jar:/Users/andresnova/.m2/repository/jakarta/activation/jakarta.activation-api/2.1.3/jakarta.activation-api-2.1.3.jar:/Users/andresnova/.m2/repository/net/minidev/json-smart/2.5.1/json-smart-2.5.1.jar:/Users/andresnova/.m2/repository/net/minidev/accessors-smart/2.5.1/accessors-smart-2.5.1.jar:/Users/andresnova/.m2/repository/org/ow2/asm/asm/9.6/asm-9.6.jar:/Users/andresnova/.m2/repository/org/assertj/assertj-core/3.25.3/assertj-core-3.25.3.jar:/Users/andresnova/.m2/repository/org/awaitility/awaitility/4.2.2/awaitility-4.2.2.jar:/Users/andresnova/.m2/repository/org/hamcrest/hamcrest/2.2/hamcrest-2.2.jar:/Users/andresnova/.m2/repository/org/junit/jupiter/junit-jupiter/5.10.3/junit-jupiter-5.10.3.jar:/Users/andresnova/.m2/repository/org/junit/jupiter/junit-jupiter-api/5.10.3/junit-jupiter-api-5.10.3.jar:/Users/andresnova/.m2/repository/org/opentest4j/opentest4j/1.3.0/opentest4j-1.3.0.jar:/Users/andresnova/.m2/repository/org/junit/platform/junit-platform-commons/1.10.3/junit-platform-commons-1.10.3.jar:/Users/andresnova/.m2/repository/org/apiguardian/apiguardian-api/1.1.2/apiguardian-api-1.1.2.jar:/Users/andresnova/.m2/repository/org/junit/jupiter/junit-jupiter-params/5.10.3/junit-jupiter-params-5.10.3.jar:/Users/andresnova/.m2/repository/org/junit/jupiter/junit-jupiter-engine/5.10.3/junit-jupiter-engine-5.10.3.jar:/Users/andresnova/.m2/repository/org/junit/platform/junit-platform-engine/1.10.3/junit-platform-engine-1.10.3.jar:/Users/andresnova/.m2/repository/org/mockito/mockito-junit-jupiter/5.11.0/mockito-junit-jupiter-5.11.0.jar:/Users/andresnova/.m2/repository/org/skyscreamer/jsonassert/1.5.3/jsonassert-1.5.3.jar:/Users/andresnova/.m2/repository/com/vaadin/external/google/android-json/0.0.20131108.vaadin1/android-json-0.0.20131108.vaadin1.jar:/Users/andresnova/.m2/repository/org/springframework/spring-core/6.1.13/spring-core-6.1.13.jar:/Users/andresnova/.m2/repository/org/springframework/spring-jcl/6.1.13/spring-jcl-6.1.13.jar:/Users/andresnova/.m2/repository/org/springframework/spring-test/6.1.13/spring-test-6.1.13.jar:/Users/andresnova/.m2/repository/org/xmlunit/xmlunit-core/2.9.1/xmlunit-core-2.9.1.jar:/Users/andresnova/.m2/repository/org/mockito/mockito-core/5.11.0/mockito-core-5.11.0.jar:/Users/andresnova/.m2/repository/net/bytebuddy/byte-buddy/1.14.19/byte-buddy-1.14.19.jar:/Users/andresnova/.m2/repository/net/bytebuddy/byte-buddy-agent/1.14.19/byte-buddy-agent-1.14.19.jar:/Users/andresnova/.m2/repository/org/objenesis/objenesis/3.3/objenesis-3.3.jar:/Users/andresnova/.m2/repository/software/amazon/awssdk/sns/2.28.29/sns-2.28.29.jar:/Users/andresnova/.m2/repository/software/amazon/awssdk/aws-query-protocol/2.21.20/aws-query-protocol-2.21.20.jar:/Users/andresnova/.m2/repository/software/amazon/awssdk/protocol-core/2.21.20/protocol-core-2.21.20.jar:/Users/andresnova/.m2/repository/software/amazon/awssdk/http-auth-aws/2.21.20/http-auth-aws-2.21.20.jar:/Users/andresnova/.m2/repository/software/amazon/awssdk/auth/2.21.20/auth-2.21.20.jar:/Users/andresnova/.m2/repository/software/amazon/awssdk/http-auth-spi/2.21.20/http-auth-spi-2.21.20.jar:/Users/andresnova/.m2/repository/software/amazon/awssdk/http-auth/2.21.20/http-auth-2.21.20.jar:/Users/andresnova/.m2/repository/software/amazon/awssdk/http-client-spi/2.21.20/http-client-spi-2.21.20.jar:/Users/andresnova/.m2/repository/software/amazon/awssdk/regions/2.21.20/regions-2.21.20.jar:/Users/andresnova/.m2/repository/software/amazon/awssdk/annotations/2.21.20/annotations-2.21.20.jar:/Users/andresnova/.m2/repository/software/amazon/awssdk/metrics-spi/2.21.20/metrics-spi-2.21.20.jar:/Users/andresnova/.m2/repository/software/amazon/awssdk/json-utils/2.21.20/json-utils-2.21.20.jar:/Users/andresnova/.m2/repository/software/amazon/awssdk/third-party-jackson-core/2.21.20/third-party-jackson-core-2.21.20.jar:/Users/andresnova/.m2/repository/software/amazon/awssdk/endpoints-spi/2.28.29/endpoints-spi-2.28.29.jar:/Users/andresnova/.m2/repository/software/amazon/awssdk/retries-spi/2.28.29/retries-spi-2.28.29.jar:/Users/andresnova/.m2/repository/software/amazon/awssdk/apache-client/2.21.20/apache-client-2.21.20.jar:/Users/andresnova/.m2/repository/org/apache/httpcomponents/httpclient/4.5.13/httpclient-4.5.13.jar:/Users/andresnova/.m2/repository/commons-logging/commons-logging/1.2/commons-logging-1.2.jar:/Users/andresnova/.m2/repository/org/apache/httpcomponents/httpcore/4.4.16/httpcore-4.4.16.jar:/Users/andresnova/.m2/repository/commons-codec/commons-codec/1.16.1/commons-codec-1.16.1.jar:/Users/andresnova/.m2/repository/software/amazon/awssdk/netty-nio-client/2.21.20/netty-nio-client-2.21.20.jar:/Users/andresnova/.m2/repository/io/netty/netty-codec-http/4.1.113.Final/netty-codec-http-4.1.113.Final.jar:/Users/andresnova/.m2/repository/io/netty/netty-codec-http2/4.1.113.Final/netty-codec-http2-4.1.113.Final.jar:/Users/andresnova/.m2/repository/io/netty/netty-codec/4.1.113.Final/netty-codec-4.1.113.Final.jar:/Users/andresnova/.m2/repository/io/netty/netty-transport/4.1.113.Final/netty-transport-4.1.113.Final.jar:/Users/andresnova/.m2/repository/io/netty/netty-common/4.1.113.Final/netty-common-4.1.113.Final.jar:/Users/andresnova/.m2/repository/io/netty/netty-buffer/4.1.113.Final/netty-buffer-4.1.113.Final.jar:/Users/andresnova/.m2/repository/io/netty/netty-handler/4.1.113.Final/netty-handler-4.1.113.Final.jar:/Users/andresnova/.m2/repository/io/netty/netty-transport-native-unix-common/4.1.113.Final/netty-transport-native-unix-common-4.1.113.Final.jar:/Users/andresnova/.m2/repository/io/netty/netty-transport-classes-epoll/4.1.113.Final/netty-transport-classes-epoll-4.1.113.Final.jar:/Users/andresnova/.m2/repository/io/netty/netty-resolver/4.1.113.Final/netty-resolver-4.1.113.Final.jar:/Users/andresnova/.m2/repository/software/amazon/awssdk/sdk-core/2.28.29/sdk-core-2.28.29.jar:/Users/andresnova/.m2/repository/software/amazon/awssdk/checksums-spi/2.21.20/checksums-spi-2.21.20.jar:/Users/andresnova/.m2/repository/software/amazon/awssdk/checksums/2.21.20/checksums-2.21.20.jar:/Users/andresnova/.m2/repository/software/amazon/awssdk/profiles/2.21.20/profiles-2.21.20.jar:/Users/andresnova/.m2/repository/software/amazon/awssdk/retries/2.28.29/retries-2.28.29.jar:/Users/andresnova/.m2/repository/org/slf4j/slf4j-api/2.0.16/slf4j-api-2.0.16.jar:/Users/andresnova/.m2/repository/org/reactivestreams/reactive-streams/1.0.4/reactive-streams-1.0.4.jar:/Users/andresnova/.m2/repository/software/amazon/awssdk/utils/2.28.29/utils-2.28.29.jar:/Users/andresnova/.m2/repository/software/amazon/awssdk/aws-core/2.28.29/aws-core-2.28.29.jar:/Users/andresnova/.m2/repository/software/amazon/eventstream/eventstream/1.0.1/eventstream-1.0.1.jar:/Users/andresnova/.m2/repository/software/amazon/awssdk/identity-spi/2.28.29/identity-spi-2.28.29.jar:/Users/andresnova/.m2/repository/software/amazon/awssdk/ses/2.28.29/ses-2.28.29.jar:"/>
    <property name="sun.cpu.endian" value="little"/>
    <property name="user.home" value="/Users/andresnova"/>
    <property name="user.language" value="es"/>
    <property name="java.specification.vendor" value="Oracle Corporation"/>
    <property name="java.version.date" value="2024-09-17"/>
    <property name="java.home" value="/Users/andresnova/Library/Java/JavaVirtualMachines/openjdk-23/Contents/Home"/>
    <property name="file.separator" value="/"/>
    <property name="basedir" value="/Users/andresnova/Desktop/BTG - PRUEBAS/fondos"/>
    <property name="java.vm.compressedOopsMode" value="Zero based"/>
    <property name="line.separator" value="&#10;"/>
    <property name="java.vm.specification.vendor" value="Oracle Corporation"/>
    <property name="java.specification.name" value="Java Platform API Specification"/>
    <property name="FILE_LOG_CHARSET" value="UTF-8"/>
    <property name="java.awt.headless" value="true"/>
    <property name="apple.awt.application.name" value="ForkedBooter"/>
    <property name="surefire.real.class.path" value="/Users/andresnova/Desktop/BTG - PRUEBAS/fondos/target/surefire/surefirebooter-20241025163326770_3.jar"/>
    <property name="sun.management.compiler" value="HotSpot 64-Bit Tiered Compilers"/>
    <property name="ftp.nonProxyHosts" value="local|*.local|169.254/16|*.169.254/16"/>
    <property name="java.runtime.version" value="23+37-2369"/>
    <property name="user.name" value="andresnova"/>
    <property name="stdout.encoding" value="US-ASCII"/>
    <property name="path.separator" value=":"/>
    <property name="os.version" value="14.6.1"/>
    <property name="java.runtime.name" value="OpenJDK Runtime Environment"/>
    <property name="file.encoding" value="UTF-8"/>
    <property name="java.vm.name" value="OpenJDK 64-Bit Server VM"/>
    <property name="localRepository" value="/Users/andresnova/.m2/repository"/>
    <property name="java.vendor.url.bug" value="https://bugreport.java.com/bugreport/"/>
    <property name="java.io.tmpdir" value="/var/folders/bk/b4q7drf15wz004jt_tj5nqgc0000gn/T/"/>
    <property name="idea.version" value="2024.2.1"/>
    <property name="java.version" value="23"/>
    <property name="user.dir" value="/Users/andresnova/Desktop/BTG - PRUEBAS/fondos"/>
    <property name="os.arch" value="aarch64"/>
    <property name="java.vm.specification.name" value="Java Virtual Machine Specification"/>
    <property name="PID" value="93063"/>
    <property name="CONSOLE_LOG_CHARSET" value="UTF-8"/>
    <property name="native.encoding" value="US-ASCII"/>
    <property name="java.library.path" value="/Users/andresnova/Library/Java/Extensions:/Library/Java/Extensions:/Network/Library/Java/Extensions:/System/Library/Java/Extensions:/usr/lib/java:."/>
    <property name="java.vm.info" value="mixed mode, sharing"/>
    <property name="stderr.encoding" value="US-ASCII"/>
    <property name="java.vendor" value="Oracle Corporation"/>
    <property name="java.vm.version" value="23+37-2369"/>
    <property name="sun.io.unicode.encoding" value="UnicodeBig"/>
    <property name="socksNonProxyHosts" value="local|*.local|169.254/16|*.169.254/16"/>
    <property name="java.class.version" value="67.0"/>
    <property name="LOGGED_APPLICATION_NAME" value="[fondos] "/>
  </properties>
  <testcase name="testEliminarCliente" classname="com.btg.fondos.controllerTest.ClienteControllerTest" time="0.074"/>
  <testcase name="testCrearCliente" classname="com.btg.fondos.controllerTest.ClienteControllerTest" time="0.002"/>
  <testcase name="testObtenerPorId" classname="com.btg.fondos.controllerTest.ClienteControllerTest" time="0.002"/>
  <testcase name="testObtenerTodos" classname="com.btg.fondos.controllerTest.ClienteControllerTest" time="0.002"/>
  <testcase name="testObtenerPorId_NotFound" classname="com.btg.fondos.controllerTest.ClienteControllerTest" time="0.002"/>
  <testcase name="testActualizarCliente" classname="com.btg.fondos.controllerTest.ClienteControllerTest" time="0.001"/>
</testsuite>